[1/11] nvcc -c -rdc=true -Xcompiler "/wd 4819" -Xcompiler "/MD" -Xcudafe "--display_error_number --diag_suppress=2381 --diag_suppress=unsigned_compare_with_zero --diag_suppress=useless_type_qualifier_on_return_type" -D_GNU_SOURCE -DMATLAB_MEX_FILE -I "." -I "C:\Users\adis\OneDrive - MathWorks\Documents\MATLAB\Examples\R2020a\StereoDisparityGPUCoderJenkins" -I ".\interface" -I "C:\Program Files\MATLAB\R2020a\extern\include" -I "." -DMW_CUDA_ARCH=350 -DMODEL=stereoDisparity_mex -DMW_NEEDS_VERSION_H  -arch sm_35  -I "C:\Program Files\MATLAB\R2020a/simulink/include" -I "C:\Program Files\MATLAB\R2020a/toolbox/shared/simtargets" rt_nonfinite.cpp -o build\win64\rt_nonfinite.obj
rt_nonfinite.cpp
[2/11] nvcc -c -rdc=true -Xcompiler "/wd 4819" -Xcompiler "/MD" -Xcudafe "--display_error_number --diag_suppress=2381 --diag_suppress=unsigned_compare_with_zero --diag_suppress=useless_type_qualifier_on_return_type" -D_GNU_SOURCE -DMATLAB_MEX_FILE -I "." -I "C:\Users\adis\OneDrive - MathWorks\Documents\MATLAB\Examples\R2020a\StereoDisparityGPUCoderJenkins" -I ".\interface" -I "C:\Program Files\MATLAB\R2020a\extern\include" -I "." -DMW_CUDA_ARCH=350 -DMODEL=stereoDisparity_mex -DMW_NEEDS_VERSION_H  -arch sm_35  -I "C:\Program Files\MATLAB\R2020a/simulink/include" -I "C:\Program Files\MATLAB\R2020a/toolbox/shared/simtargets" cpp_mexapi_version.cpp -o build\win64\cpp_mexapi_version.obj
cpp_mexapi_version.cpp
[3/11] nvcc -c -rdc=true -Xcompiler "/wd 4819" -Xcompiler "/MD" -Xcudafe "--display_error_number --diag_suppress=2381 --diag_suppress=unsigned_compare_with_zero --diag_suppress=useless_type_qualifier_on_return_type" -D_GNU_SOURCE -DMATLAB_MEX_FILE -I "." -I "C:\Users\adis\OneDrive - MathWorks\Documents\MATLAB\Examples\R2020a\StereoDisparityGPUCoderJenkins" -I ".\interface" -I "C:\Program Files\MATLAB\R2020a\extern\include" -I "." -DMW_CUDA_ARCH=350 -DMODEL=stereoDisparity_mex -DMW_NEEDS_VERSION_H  -arch sm_35  -I "C:\Program Files\MATLAB\R2020a/simulink/include" -I "C:\Program Files\MATLAB\R2020a/toolbox/shared/simtargets" stereoDisparity_data.cu -o build\win64\stereoDisparity_data.obj
stereoDisparity_data.cu
[4/11] nvcc -c -rdc=true -Xcompiler "/wd 4819" -Xcompiler "/MD" -Xcudafe "--display_error_number --diag_suppress=2381 --diag_suppress=unsigned_compare_with_zero --diag_suppress=useless_type_qualifier_on_return_type" -D_GNU_SOURCE -DMATLAB_MEX_FILE -I "." -I "C:\Users\adis\OneDrive - MathWorks\Documents\MATLAB\Examples\R2020a\StereoDisparityGPUCoderJenkins" -I ".\interface" -I "C:\Program Files\MATLAB\R2020a\extern\include" -I "." -DMW_CUDA_ARCH=350 -DMODEL=stereoDisparity_mex -DMW_NEEDS_VERSION_H  -arch sm_35  -I "C:\Program Files\MATLAB\R2020a/simulink/include" -I "C:\Program Files\MATLAB\R2020a/toolbox/shared/simtargets" MWCudaDimUtility.cu -o build\win64\MWCudaDimUtility.obj
MWCudaDimUtility.cu
[5/11] nvcc -c -rdc=true -Xcompiler "/wd 4819" -Xcompiler "/MD" -Xcudafe "--display_error_number --diag_suppress=2381 --diag_suppress=unsigned_compare_with_zero --diag_suppress=useless_type_qualifier_on_return_type" -D_GNU_SOURCE -DMATLAB_MEX_FILE -I "." -I "C:\Users\adis\OneDrive - MathWorks\Documents\MATLAB\Examples\R2020a\StereoDisparityGPUCoderJenkins" -I ".\interface" -I "C:\Program Files\MATLAB\R2020a\extern\include" -I "." -DMW_CUDA_ARCH=350 -DMODEL=stereoDisparity_mex -DMW_NEEDS_VERSION_H  -arch sm_35  -I "C:\Program Files\MATLAB\R2020a/simulink/include" -I "C:\Program Files\MATLAB\R2020a/toolbox/shared/simtargets" interface\_coder_stereoDisparity_info.cu -o build\win64\_coder_stereoDisparity_info.obj
_coder_stereoDisparity_info.cu
[6/11] nvcc -c -rdc=true -Xcompiler "/wd 4819" -Xcompiler "/MD" -Xcudafe "--display_error_number --diag_suppress=2381 --diag_suppress=unsigned_compare_with_zero --diag_suppress=useless_type_qualifier_on_return_type" -D_GNU_SOURCE -DMATLAB_MEX_FILE -I "." -I "C:\Users\adis\OneDrive - MathWorks\Documents\MATLAB\Examples\R2020a\StereoDisparityGPUCoderJenkins" -I ".\interface" -I "C:\Program Files\MATLAB\R2020a\extern\include" -I "." -DMW_CUDA_ARCH=350 -DMODEL=stereoDisparity_mex -DMW_NEEDS_VERSION_H  -arch sm_35  -I "C:\Program Files\MATLAB\R2020a/simulink/include" -I "C:\Program Files\MATLAB\R2020a/toolbox/shared/simtargets" stereoDisparity_terminate.cu -o build\win64\stereoDisparity_terminate.obj
stereoDisparity_terminate.cu
[7/11] nvcc -c -rdc=true -Xcompiler "/wd 4819" -Xcompiler "/MD" -Xcudafe "--display_error_number --diag_suppress=2381 --diag_suppress=unsigned_compare_with_zero --diag_suppress=useless_type_qualifier_on_return_type" -D_GNU_SOURCE -DMATLAB_MEX_FILE -I "." -I "C:\Users\adis\OneDrive - MathWorks\Documents\MATLAB\Examples\R2020a\StereoDisparityGPUCoderJenkins" -I ".\interface" -I "C:\Program Files\MATLAB\R2020a\extern\include" -I "." -DMW_CUDA_ARCH=350 -DMODEL=stereoDisparity_mex -DMW_NEEDS_VERSION_H  -arch sm_35  -I "C:\Program Files\MATLAB\R2020a/simulink/include" -I "C:\Program Files\MATLAB\R2020a/toolbox/shared/simtargets" interface\_coder_stereoDisparity_api.cu -o build\win64\_coder_stereoDisparity_api.obj
_coder_stereoDisparity_api.cu
[8/11] nvcc -c -rdc=true -Xcompiler "/wd 4819" -Xcompiler "/MD" -Xcudafe "--display_error_number --diag_suppress=2381 --diag_suppress=unsigned_compare_with_zero --diag_suppress=useless_type_qualifier_on_return_type" -D_GNU_SOURCE -DMATLAB_MEX_FILE -I "." -I "C:\Users\adis\OneDrive - MathWorks\Documents\MATLAB\Examples\R2020a\StereoDisparityGPUCoderJenkins" -I ".\interface" -I "C:\Program Files\MATLAB\R2020a\extern\include" -I "." -DMW_CUDA_ARCH=350 -DMODEL=stereoDisparity_mex -DMW_NEEDS_VERSION_H  -arch sm_35  -I "C:\Program Files\MATLAB\R2020a/simulink/include" -I "C:\Program Files\MATLAB\R2020a/toolbox/shared/simtargets" stereoDisparity_initialize.cu -o build\win64\stereoDisparity_initialize.obj
stereoDisparity_initialize.cu
[9/11] nvcc -c -rdc=true -Xcompiler "/wd 4819" -Xcompiler "/MD" -Xcudafe "--display_error_number --diag_suppress=2381 --diag_suppress=unsigned_compare_with_zero --diag_suppress=useless_type_qualifier_on_return_type" -D_GNU_SOURCE -DMATLAB_MEX_FILE -I "." -I "C:\Users\adis\OneDrive - MathWorks\Documents\MATLAB\Examples\R2020a\StereoDisparityGPUCoderJenkins" -I ".\interface" -I "C:\Program Files\MATLAB\R2020a\extern\include" -I "." -DMW_CUDA_ARCH=350 -DMODEL=stereoDisparity_mex -DMW_NEEDS_VERSION_H  -arch sm_35  -I "C:\Program Files\MATLAB\R2020a/simulink/include" -I "C:\Program Files\MATLAB\R2020a/toolbox/shared/simtargets" interface\_coder_stereoDisparity_mex.cu -o build\win64\_coder_stereoDisparity_mex.obj
_coder_stereoDisparity_mex.cu
[10/11] nvcc -c -rdc=true -Xcompiler "/wd 4819" -Xcompiler "/MD" -Xcudafe "--display_error_number --diag_suppress=2381 --diag_suppress=unsigned_compare_with_zero --diag_suppress=useless_type_qualifier_on_return_type" -D_GNU_SOURCE -DMATLAB_MEX_FILE -I "." -I "C:\Users\adis\OneDrive - MathWorks\Documents\MATLAB\Examples\R2020a\StereoDisparityGPUCoderJenkins" -I ".\interface" -I "C:\Program Files\MATLAB\R2020a\extern\include" -I "." -DMW_CUDA_ARCH=350 -DMODEL=stereoDisparity_mex -DMW_NEEDS_VERSION_H  -arch sm_35  -I "C:\Program Files\MATLAB\R2020a/simulink/include" -I "C:\Program Files\MATLAB\R2020a/toolbox/shared/simtargets" stereoDisparity.cu -o build\win64\stereoDisparity.obj
stereoDisparity.cu
[11/11] nvcc -Xlinker  /nologo -Xlinker  /manifest   -Xlinker  /DLL -L"C:\Program Files\MATLAB\R2020a\extern\lib\win64\microsoft" libmx.lib libmex.lib libmat.lib kernel32.lib user32.lib gdi32.lib winspool.lib comdlg32.lib advapi32.lib shell32.lib ole32.lib oleaut32.lib uuid.lib odbc32.lib odbccp32.lib libMatlabDataArray.lib libMatlabEngine.lib   libemlrt.lib libcovrt.lib libut.lib libmwmathutil.lib -arch sm_35  -L"C:\Program Files\NVIDIA GPU Computing Toolkit\CUDA\v10.1\lib\x64" cudart.lib cublas.lib cusolver.lib cufft.lib cuda.lib -Xnvlink -w  -Wno-deprecated-gpu-targets -Xlinker /NODEFAULTLIB:libcmt.lib -o stereoDisparity_mex.mexw64 build\win64\rt_nonfinite.obj build\win64\stereoDisparity_data.obj build\win64\stereoDisparity_initialize.obj build\win64\stereoDisparity_terminate.obj build\win64\stereoDisparity.obj build\win64\_coder_stereoDisparity_api.obj build\win64\_coder_stereoDisparity_mex.obj build\win64\_coder_stereoDisparity_info.obj build\win64\MWCudaDimUtility.obj build\win64\cpp_mexapi_version.obj
libmx.lib
libmex.lib
libmat.lib
kernel32.lib
user32.lib
gdi32.lib
winspool.lib
comdlg32.lib
advapi32.lib
shell32.lib
ole32.lib
oleaut32.lib
uuid.lib
odbc32.lib
odbccp32.lib
libMatlabDataArray.lib
libMatlabEngine.lib
libemlrt.lib
libcovrt.lib
libut.lib
libmwmathutil.lib
cudart.lib
cublas.lib
cusolver.lib
cufft.lib
cuda.lib
rt_nonfinite.obj
stereoDisparity_data.obj
stereoDisparity_initialize.obj
stereoDisparity_terminate.obj
stereoDisparity.obj
_coder_stereoDisparity_api.obj
_coder_stereoDisparity_mex.obj
_coder_stereoDisparity_info.obj
MWCudaDimUtility.obj
cpp_mexapi_version.obj
   Creating library stereoDisparity_mex.lib and object stereoDisparity_mex.exp
